have_func: checking for rb_gc_stat()... -------------------- yes

"clang -o conftest -I/Users/neil/.rbenv/versions/2.5.3/include/ruby-2.5.0/x86_64-darwin17 -I/Users/neil/.rbenv/versions/2.5.3/include/ruby-2.5.0/ruby/backward -I/Users/neil/.rbenv/versions/2.5.3/include/ruby-2.5.0 -I. -I/Users/neil/.rbenv/versions/2.5.3/include  -D_XOPEN_SOURCE -D_DARWIN_C_SOURCE -D_DARWIN_UNLIMITED_SELECT -D_REENTRANT   -O3 -ggdb3 -Wall -Wextra -Wno-unused-parameter -Wno-parentheses -Wno-long-long -Wno-missing-field-initializers -Wno-tautological-compare -Wno-parentheses-equality -Wno-constant-logical-operand -Wno-self-assign -Wunused-variable -Wimplicit-int -Wpointer-arith -Wwrite-strings -Wdeclaration-after-statement -Wshorten-64-to-32 -Wimplicit-function-declaration -Wdivision-by-zero -Wdeprecated-declarations -Wextra-tokens  -pipe -std=c99 conftest.c  -L. -L/Users/neil/.rbenv/versions/2.5.3/lib -L. -L/Users/neil/.rbenv/versions/2.5.3/lib  -fstack-protector -L/usr/local/lib     -lruby.2.5.3-static -framework Foundation  -lpthread -lgmp -ldl -lobjc "
checked program was:
/* begin */
1: #include "ruby.h"
2: 
3: int main(int argc, char **argv)
4: {
5:   return 0;
6: }
/* end */

"clang -o conftest -I/Users/neil/.rbenv/versions/2.5.3/include/ruby-2.5.0/x86_64-darwin17 -I/Users/neil/.rbenv/versions/2.5.3/include/ruby-2.5.0/ruby/backward -I/Users/neil/.rbenv/versions/2.5.3/include/ruby-2.5.0 -I. -I/Users/neil/.rbenv/versions/2.5.3/include  -D_XOPEN_SOURCE -D_DARWIN_C_SOURCE -D_DARWIN_UNLIMITED_SELECT -D_REENTRANT   -O3 -ggdb3 -Wall -Wextra -Wno-unused-parameter -Wno-parentheses -Wno-long-long -Wno-missing-field-initializers -Wno-tautological-compare -Wno-parentheses-equality -Wno-constant-logical-operand -Wno-self-assign -Wunused-variable -Wimplicit-int -Wpointer-arith -Wwrite-strings -Wdeclaration-after-statement -Wshorten-64-to-32 -Wimplicit-function-declaration -Wdivision-by-zero -Wdeprecated-declarations -Wextra-tokens  -pipe -std=c99 conftest.c  -L. -L/Users/neil/.rbenv/versions/2.5.3/lib -L. -L/Users/neil/.rbenv/versions/2.5.3/lib  -fstack-protector -L/usr/local/lib     -lruby.2.5.3-static -framework Foundation  -lpthread -lgmp -ldl -lobjc "
checked program was:
/* begin */
 1: #include "ruby.h"
 2: 
 3: /*top*/
 4: extern int t(void);
 5: int main(int argc, char **argv)
 6: {
 7:   if (argc > 1000000) {
 8:     printf("%p", &t);
 9:   }
10: 
11:   return 0;
12: }
13: int t(void) { void ((*volatile p)()); p = (void ((*)()))rb_gc_stat; return !p; }
/* end */

--------------------

have_func: checking for rb_gc_count()... -------------------- yes

"clang -o conftest -I/Users/neil/.rbenv/versions/2.5.3/include/ruby-2.5.0/x86_64-darwin17 -I/Users/neil/.rbenv/versions/2.5.3/include/ruby-2.5.0/ruby/backward -I/Users/neil/.rbenv/versions/2.5.3/include/ruby-2.5.0 -I. -I/Users/neil/.rbenv/versions/2.5.3/include  -D_XOPEN_SOURCE -D_DARWIN_C_SOURCE -D_DARWIN_UNLIMITED_SELECT -D_REENTRANT   -O3 -ggdb3 -Wall -Wextra -Wno-unused-parameter -Wno-parentheses -Wno-long-long -Wno-missing-field-initializers -Wno-tautological-compare -Wno-parentheses-equality -Wno-constant-logical-operand -Wno-self-assign -Wunused-variable -Wimplicit-int -Wpointer-arith -Wwrite-strings -Wdeclaration-after-statement -Wshorten-64-to-32 -Wimplicit-function-declaration -Wdivision-by-zero -Wdeprecated-declarations -Wextra-tokens  -pipe -std=c99 conftest.c  -L. -L/Users/neil/.rbenv/versions/2.5.3/lib -L. -L/Users/neil/.rbenv/versions/2.5.3/lib  -fstack-protector -L/usr/local/lib     -lruby.2.5.3-static -framework Foundation  -lpthread -lgmp -ldl -lobjc "
checked program was:
/* begin */
 1: #include "ruby.h"
 2: 
 3: /*top*/
 4: extern int t(void);
 5: int main(int argc, char **argv)
 6: {
 7:   if (argc > 1000000) {
 8:     printf("%p", &t);
 9:   }
10: 
11:   return 0;
12: }
13: int t(void) { void ((*volatile p)()); p = (void ((*)()))rb_gc_count; return !p; }
/* end */

--------------------

have_func: checking for rb_remove_event_hook_with_data()... -------------------- yes

"clang -o conftest -I/Users/neil/.rbenv/versions/2.5.3/include/ruby-2.5.0/x86_64-darwin17 -I/Users/neil/.rbenv/versions/2.5.3/include/ruby-2.5.0/ruby/backward -I/Users/neil/.rbenv/versions/2.5.3/include/ruby-2.5.0 -I. -I/Users/neil/.rbenv/versions/2.5.3/include  -D_XOPEN_SOURCE -D_DARWIN_C_SOURCE -D_DARWIN_UNLIMITED_SELECT -D_REENTRANT   -O3 -ggdb3 -Wall -Wextra -Wno-unused-parameter -Wno-parentheses -Wno-long-long -Wno-missing-field-initializers -Wno-tautological-compare -Wno-parentheses-equality -Wno-constant-logical-operand -Wno-self-assign -Wunused-variable -Wimplicit-int -Wpointer-arith -Wwrite-strings -Wdeclaration-after-statement -Wshorten-64-to-32 -Wimplicit-function-declaration -Wdivision-by-zero -Wdeprecated-declarations -Wextra-tokens  -pipe -std=c99 conftest.c  -L. -L/Users/neil/.rbenv/versions/2.5.3/lib -L. -L/Users/neil/.rbenv/versions/2.5.3/lib  -fstack-protector -L/usr/local/lib     -lruby.2.5.3-static -framework Foundation  -lpthread -lgmp -ldl -lobjc "
conftest.c:13:57: error: use of undeclared identifier 'rb_remove_event_hook_with_data'
int t(void) { void ((*volatile p)()); p = (void ((*)()))rb_remove_event_hook_with_data; return !p; }
                                                        ^
1 error generated.
checked program was:
/* begin */
 1: #include "ruby.h"
 2: 
 3: /*top*/
 4: extern int t(void);
 5: int main(int argc, char **argv)
 6: {
 7:   if (argc > 1000000) {
 8:     printf("%p", &t);
 9:   }
10: 
11:   return 0;
12: }
13: int t(void) { void ((*volatile p)()); p = (void ((*)()))rb_remove_event_hook_with_data; return !p; }
/* end */

"clang -o conftest -I/Users/neil/.rbenv/versions/2.5.3/include/ruby-2.5.0/x86_64-darwin17 -I/Users/neil/.rbenv/versions/2.5.3/include/ruby-2.5.0/ruby/backward -I/Users/neil/.rbenv/versions/2.5.3/include/ruby-2.5.0 -I. -I/Users/neil/.rbenv/versions/2.5.3/include  -D_XOPEN_SOURCE -D_DARWIN_C_SOURCE -D_DARWIN_UNLIMITED_SELECT -D_REENTRANT   -O3 -ggdb3 -Wall -Wextra -Wno-unused-parameter -Wno-parentheses -Wno-long-long -Wno-missing-field-initializers -Wno-tautological-compare -Wno-parentheses-equality -Wno-constant-logical-operand -Wno-self-assign -Wunused-variable -Wimplicit-int -Wpointer-arith -Wwrite-strings -Wdeclaration-after-statement -Wshorten-64-to-32 -Wimplicit-function-declaration -Wdivision-by-zero -Wdeprecated-declarations -Wextra-tokens  -pipe -std=c99 conftest.c  -L. -L/Users/neil/.rbenv/versions/2.5.3/lib -L. -L/Users/neil/.rbenv/versions/2.5.3/lib  -fstack-protector -L/usr/local/lib     -lruby.2.5.3-static -framework Foundation  -lpthread -lgmp -ldl -lobjc "
checked program was:
/* begin */
 1: #include "ruby.h"
 2: 
 3: /*top*/
 4: extern int t(void);
 5: int main(int argc, char **argv)
 6: {
 7:   if (argc > 1000000) {
 8:     printf("%p", &t);
 9:   }
10: 
11:   return 0;
12: }
13: extern void rb_remove_event_hook_with_data();
14: int t(void) { rb_remove_event_hook_with_data(); return 0; }
/* end */

--------------------

have_func: checking for rb_os_allocated_objects()... -------------------- no

"clang -o conftest -I/Users/neil/.rbenv/versions/2.5.3/include/ruby-2.5.0/x86_64-darwin17 -I/Users/neil/.rbenv/versions/2.5.3/include/ruby-2.5.0/ruby/backward -I/Users/neil/.rbenv/versions/2.5.3/include/ruby-2.5.0 -I. -I/Users/neil/.rbenv/versions/2.5.3/include  -D_XOPEN_SOURCE -D_DARWIN_C_SOURCE -D_DARWIN_UNLIMITED_SELECT -D_REENTRANT   -O3 -ggdb3 -Wall -Wextra -Wno-unused-parameter -Wno-parentheses -Wno-long-long -Wno-missing-field-initializers -Wno-tautological-compare -Wno-parentheses-equality -Wno-constant-logical-operand -Wno-self-assign -Wunused-variable -Wimplicit-int -Wpointer-arith -Wwrite-strings -Wdeclaration-after-statement -Wshorten-64-to-32 -Wimplicit-function-declaration -Wdivision-by-zero -Wdeprecated-declarations -Wextra-tokens  -pipe -std=c99 conftest.c  -L. -L/Users/neil/.rbenv/versions/2.5.3/lib -L. -L/Users/neil/.rbenv/versions/2.5.3/lib  -fstack-protector -L/usr/local/lib     -lruby.2.5.3-static -framework Foundation  -lpthread -lgmp -ldl -lobjc "
conftest.c:13:57: error: use of undeclared identifier 'rb_os_allocated_objects'
int t(void) { void ((*volatile p)()); p = (void ((*)()))rb_os_allocated_objects; return !p; }
                                                        ^
1 error generated.
checked program was:
/* begin */
 1: #include "ruby.h"
 2: 
 3: /*top*/
 4: extern int t(void);
 5: int main(int argc, char **argv)
 6: {
 7:   if (argc > 1000000) {
 8:     printf("%p", &t);
 9:   }
10: 
11:   return 0;
12: }
13: int t(void) { void ((*volatile p)()); p = (void ((*)()))rb_os_allocated_objects; return !p; }
/* end */

"clang -o conftest -I/Users/neil/.rbenv/versions/2.5.3/include/ruby-2.5.0/x86_64-darwin17 -I/Users/neil/.rbenv/versions/2.5.3/include/ruby-2.5.0/ruby/backward -I/Users/neil/.rbenv/versions/2.5.3/include/ruby-2.5.0 -I. -I/Users/neil/.rbenv/versions/2.5.3/include  -D_XOPEN_SOURCE -D_DARWIN_C_SOURCE -D_DARWIN_UNLIMITED_SELECT -D_REENTRANT   -O3 -ggdb3 -Wall -Wextra -Wno-unused-parameter -Wno-parentheses -Wno-long-long -Wno-missing-field-initializers -Wno-tautological-compare -Wno-parentheses-equality -Wno-constant-logical-operand -Wno-self-assign -Wunused-variable -Wimplicit-int -Wpointer-arith -Wwrite-strings -Wdeclaration-after-statement -Wshorten-64-to-32 -Wimplicit-function-declaration -Wdivision-by-zero -Wdeprecated-declarations -Wextra-tokens  -pipe -std=c99 conftest.c  -L. -L/Users/neil/.rbenv/versions/2.5.3/lib -L. -L/Users/neil/.rbenv/versions/2.5.3/lib  -fstack-protector -L/usr/local/lib     -lruby.2.5.3-static -framework Foundation  -lpthread -lgmp -ldl -lobjc "
Undefined symbols for architecture x86_64:
  "_rb_os_allocated_objects", referenced from:
      _t in conftest-0c62b9.o
ld: symbol(s) not found for architecture x86_64
clang: error: linker command failed with exit code 1 (use -v to see invocation)
checked program was:
/* begin */
 1: #include "ruby.h"
 2: 
 3: /*top*/
 4: extern int t(void);
 5: int main(int argc, char **argv)
 6: {
 7:   if (argc > 1000000) {
 8:     printf("%p", &t);
 9:   }
10: 
11:   return 0;
12: }
13: extern void rb_os_allocated_objects();
14: int t(void) { rb_os_allocated_objects(); return 0; }
/* end */

--------------------

have_func: checking for rb_gc_allocated_size()... -------------------- no

"clang -o conftest -I/Users/neil/.rbenv/versions/2.5.3/include/ruby-2.5.0/x86_64-darwin17 -I/Users/neil/.rbenv/versions/2.5.3/include/ruby-2.5.0/ruby/backward -I/Users/neil/.rbenv/versions/2.5.3/include/ruby-2.5.0 -I. -I/Users/neil/.rbenv/versions/2.5.3/include  -D_XOPEN_SOURCE -D_DARWIN_C_SOURCE -D_DARWIN_UNLIMITED_SELECT -D_REENTRANT   -O3 -ggdb3 -Wall -Wextra -Wno-unused-parameter -Wno-parentheses -Wno-long-long -Wno-missing-field-initializers -Wno-tautological-compare -Wno-parentheses-equality -Wno-constant-logical-operand -Wno-self-assign -Wunused-variable -Wimplicit-int -Wpointer-arith -Wwrite-strings -Wdeclaration-after-statement -Wshorten-64-to-32 -Wimplicit-function-declaration -Wdivision-by-zero -Wdeprecated-declarations -Wextra-tokens  -pipe -std=c99 conftest.c  -L. -L/Users/neil/.rbenv/versions/2.5.3/lib -L. -L/Users/neil/.rbenv/versions/2.5.3/lib  -fstack-protector -L/usr/local/lib     -lruby.2.5.3-static -framework Foundation  -lpthread -lgmp -ldl -lobjc "
conftest.c:13:57: error: use of undeclared identifier 'rb_gc_allocated_size'
int t(void) { void ((*volatile p)()); p = (void ((*)()))rb_gc_allocated_size; return !p; }
                                                        ^
1 error generated.
checked program was:
/* begin */
 1: #include "ruby.h"
 2: 
 3: /*top*/
 4: extern int t(void);
 5: int main(int argc, char **argv)
 6: {
 7:   if (argc > 1000000) {
 8:     printf("%p", &t);
 9:   }
10: 
11:   return 0;
12: }
13: int t(void) { void ((*volatile p)()); p = (void ((*)()))rb_gc_allocated_size; return !p; }
/* end */

"clang -o conftest -I/Users/neil/.rbenv/versions/2.5.3/include/ruby-2.5.0/x86_64-darwin17 -I/Users/neil/.rbenv/versions/2.5.3/include/ruby-2.5.0/ruby/backward -I/Users/neil/.rbenv/versions/2.5.3/include/ruby-2.5.0 -I. -I/Users/neil/.rbenv/versions/2.5.3/include  -D_XOPEN_SOURCE -D_DARWIN_C_SOURCE -D_DARWIN_UNLIMITED_SELECT -D_REENTRANT   -O3 -ggdb3 -Wall -Wextra -Wno-unused-parameter -Wno-parentheses -Wno-long-long -Wno-missing-field-initializers -Wno-tautological-compare -Wno-parentheses-equality -Wno-constant-logical-operand -Wno-self-assign -Wunused-variable -Wimplicit-int -Wpointer-arith -Wwrite-strings -Wdeclaration-after-statement -Wshorten-64-to-32 -Wimplicit-function-declaration -Wdivision-by-zero -Wdeprecated-declarations -Wextra-tokens  -pipe -std=c99 conftest.c  -L. -L/Users/neil/.rbenv/versions/2.5.3/lib -L. -L/Users/neil/.rbenv/versions/2.5.3/lib  -fstack-protector -L/usr/local/lib     -lruby.2.5.3-static -framework Foundation  -lpthread -lgmp -ldl -lobjc "
Undefined symbols for architecture x86_64:
  "_rb_gc_allocated_size", referenced from:
      _t in conftest-f487c4.o
ld: symbol(s) not found for architecture x86_64
clang: error: linker command failed with exit code 1 (use -v to see invocation)
checked program was:
/* begin */
 1: #include "ruby.h"
 2: 
 3: /*top*/
 4: extern int t(void);
 5: int main(int argc, char **argv)
 6: {
 7:   if (argc > 1000000) {
 8:     printf("%p", &t);
 9:   }
10: 
11:   return 0;
12: }
13: extern void rb_gc_allocated_size();
14: int t(void) { rb_gc_allocated_size(); return 0; }
/* end */

--------------------

have_func: checking for rb_gc_collections()... -------------------- no

"clang -o conftest -I/Users/neil/.rbenv/versions/2.5.3/include/ruby-2.5.0/x86_64-darwin17 -I/Users/neil/.rbenv/versions/2.5.3/include/ruby-2.5.0/ruby/backward -I/Users/neil/.rbenv/versions/2.5.3/include/ruby-2.5.0 -I. -I/Users/neil/.rbenv/versions/2.5.3/include  -D_XOPEN_SOURCE -D_DARWIN_C_SOURCE -D_DARWIN_UNLIMITED_SELECT -D_REENTRANT   -O3 -ggdb3 -Wall -Wextra -Wno-unused-parameter -Wno-parentheses -Wno-long-long -Wno-missing-field-initializers -Wno-tautological-compare -Wno-parentheses-equality -Wno-constant-logical-operand -Wno-self-assign -Wunused-variable -Wimplicit-int -Wpointer-arith -Wwrite-strings -Wdeclaration-after-statement -Wshorten-64-to-32 -Wimplicit-function-declaration -Wdivision-by-zero -Wdeprecated-declarations -Wextra-tokens  -pipe -std=c99 conftest.c  -L. -L/Users/neil/.rbenv/versions/2.5.3/lib -L. -L/Users/neil/.rbenv/versions/2.5.3/lib  -fstack-protector -L/usr/local/lib     -lruby.2.5.3-static -framework Foundation  -lpthread -lgmp -ldl -lobjc "
conftest.c:13:57: error: use of undeclared identifier 'rb_gc_collections'
int t(void) { void ((*volatile p)()); p = (void ((*)()))rb_gc_collections; return !p; }
                                                        ^
1 error generated.
checked program was:
/* begin */
 1: #include "ruby.h"
 2: 
 3: /*top*/
 4: extern int t(void);
 5: int main(int argc, char **argv)
 6: {
 7:   if (argc > 1000000) {
 8:     printf("%p", &t);
 9:   }
10: 
11:   return 0;
12: }
13: int t(void) { void ((*volatile p)()); p = (void ((*)()))rb_gc_collections; return !p; }
/* end */

"clang -o conftest -I/Users/neil/.rbenv/versions/2.5.3/include/ruby-2.5.0/x86_64-darwin17 -I/Users/neil/.rbenv/versions/2.5.3/include/ruby-2.5.0/ruby/backward -I/Users/neil/.rbenv/versions/2.5.3/include/ruby-2.5.0 -I. -I/Users/neil/.rbenv/versions/2.5.3/include  -D_XOPEN_SOURCE -D_DARWIN_C_SOURCE -D_DARWIN_UNLIMITED_SELECT -D_REENTRANT   -O3 -ggdb3 -Wall -Wextra -Wno-unused-parameter -Wno-parentheses -Wno-long-long -Wno-missing-field-initializers -Wno-tautological-compare -Wno-parentheses-equality -Wno-constant-logical-operand -Wno-self-assign -Wunused-variable -Wimplicit-int -Wpointer-arith -Wwrite-strings -Wdeclaration-after-statement -Wshorten-64-to-32 -Wimplicit-function-declaration -Wdivision-by-zero -Wdeprecated-declarations -Wextra-tokens  -pipe -std=c99 conftest.c  -L. -L/Users/neil/.rbenv/versions/2.5.3/lib -L. -L/Users/neil/.rbenv/versions/2.5.3/lib  -fstack-protector -L/usr/local/lib     -lruby.2.5.3-static -framework Foundation  -lpthread -lgmp -ldl -lobjc "
Undefined symbols for architecture x86_64:
  "_rb_gc_collections", referenced from:
      _t in conftest-42930c.o
ld: symbol(s) not found for architecture x86_64
clang: error: linker command failed with exit code 1 (use -v to see invocation)
checked program was:
/* begin */
 1: #include "ruby.h"
 2: 
 3: /*top*/
 4: extern int t(void);
 5: int main(int argc, char **argv)
 6: {
 7:   if (argc > 1000000) {
 8:     printf("%p", &t);
 9:   }
10: 
11:   return 0;
12: }
13: extern void rb_gc_collections();
14: int t(void) { rb_gc_collections(); return 0; }
/* end */

--------------------

have_func: checking for rb_gc_time()... -------------------- no

"clang -o conftest -I/Users/neil/.rbenv/versions/2.5.3/include/ruby-2.5.0/x86_64-darwin17 -I/Users/neil/.rbenv/versions/2.5.3/include/ruby-2.5.0/ruby/backward -I/Users/neil/.rbenv/versions/2.5.3/include/ruby-2.5.0 -I. -I/Users/neil/.rbenv/versions/2.5.3/include  -D_XOPEN_SOURCE -D_DARWIN_C_SOURCE -D_DARWIN_UNLIMITED_SELECT -D_REENTRANT   -O3 -ggdb3 -Wall -Wextra -Wno-unused-parameter -Wno-parentheses -Wno-long-long -Wno-missing-field-initializers -Wno-tautological-compare -Wno-parentheses-equality -Wno-constant-logical-operand -Wno-self-assign -Wunused-variable -Wimplicit-int -Wpointer-arith -Wwrite-strings -Wdeclaration-after-statement -Wshorten-64-to-32 -Wimplicit-function-declaration -Wdivision-by-zero -Wdeprecated-declarations -Wextra-tokens  -pipe -std=c99 conftest.c  -L. -L/Users/neil/.rbenv/versions/2.5.3/lib -L. -L/Users/neil/.rbenv/versions/2.5.3/lib  -fstack-protector -L/usr/local/lib     -lruby.2.5.3-static -framework Foundation  -lpthread -lgmp -ldl -lobjc "
conftest.c:13:57: error: use of undeclared identifier 'rb_gc_time'
int t(void) { void ((*volatile p)()); p = (void ((*)()))rb_gc_time; return !p; }
                                                        ^
1 error generated.
checked program was:
/* begin */
 1: #include "ruby.h"
 2: 
 3: /*top*/
 4: extern int t(void);
 5: int main(int argc, char **argv)
 6: {
 7:   if (argc > 1000000) {
 8:     printf("%p", &t);
 9:   }
10: 
11:   return 0;
12: }
13: int t(void) { void ((*volatile p)()); p = (void ((*)()))rb_gc_time; return !p; }
/* end */

"clang -o conftest -I/Users/neil/.rbenv/versions/2.5.3/include/ruby-2.5.0/x86_64-darwin17 -I/Users/neil/.rbenv/versions/2.5.3/include/ruby-2.5.0/ruby/backward -I/Users/neil/.rbenv/versions/2.5.3/include/ruby-2.5.0 -I. -I/Users/neil/.rbenv/versions/2.5.3/include  -D_XOPEN_SOURCE -D_DARWIN_C_SOURCE -D_DARWIN_UNLIMITED_SELECT -D_REENTRANT   -O3 -ggdb3 -Wall -Wextra -Wno-unused-parameter -Wno-parentheses -Wno-long-long -Wno-missing-field-initializers -Wno-tautological-compare -Wno-parentheses-equality -Wno-constant-logical-operand -Wno-self-assign -Wunused-variable -Wimplicit-int -Wpointer-arith -Wwrite-strings -Wdeclaration-after-statement -Wshorten-64-to-32 -Wimplicit-function-declaration -Wdivision-by-zero -Wdeprecated-declarations -Wextra-tokens  -pipe -std=c99 conftest.c  -L. -L/Users/neil/.rbenv/versions/2.5.3/lib -L. -L/Users/neil/.rbenv/versions/2.5.3/lib  -fstack-protector -L/usr/local/lib     -lruby.2.5.3-static -framework Foundation  -lpthread -lgmp -ldl -lobjc "
Undefined symbols for architecture x86_64:
  "_rb_gc_time", referenced from:
      _t in conftest-3806ca.o
ld: symbol(s) not found for architecture x86_64
clang: error: linker command failed with exit code 1 (use -v to see invocation)
checked program was:
/* begin */
 1: #include "ruby.h"
 2: 
 3: /*top*/
 4: extern int t(void);
 5: int main(int argc, char **argv)
 6: {
 7:   if (argc > 1000000) {
 8:     printf("%p", &t);
 9:   }
10: 
11:   return 0;
12: }
13: extern void rb_gc_time();
14: int t(void) { rb_gc_time(); return 0; }
/* end */

--------------------

have_func: checking for rb_gc_total_time()... -------------------- no

"clang -o conftest -I/Users/neil/.rbenv/versions/2.5.3/include/ruby-2.5.0/x86_64-darwin17 -I/Users/neil/.rbenv/versions/2.5.3/include/ruby-2.5.0/ruby/backward -I/Users/neil/.rbenv/versions/2.5.3/include/ruby-2.5.0 -I. -I/Users/neil/.rbenv/versions/2.5.3/include  -D_XOPEN_SOURCE -D_DARWIN_C_SOURCE -D_DARWIN_UNLIMITED_SELECT -D_REENTRANT   -O3 -ggdb3 -Wall -Wextra -Wno-unused-parameter -Wno-parentheses -Wno-long-long -Wno-missing-field-initializers -Wno-tautological-compare -Wno-parentheses-equality -Wno-constant-logical-operand -Wno-self-assign -Wunused-variable -Wimplicit-int -Wpointer-arith -Wwrite-strings -Wdeclaration-after-statement -Wshorten-64-to-32 -Wimplicit-function-declaration -Wdivision-by-zero -Wdeprecated-declarations -Wextra-tokens  -pipe -std=c99 conftest.c  -L. -L/Users/neil/.rbenv/versions/2.5.3/lib -L. -L/Users/neil/.rbenv/versions/2.5.3/lib  -fstack-protector -L/usr/local/lib     -lruby.2.5.3-static -framework Foundation  -lpthread -lgmp -ldl -lobjc "
conftest.c:13:57: error: use of undeclared identifier 'rb_gc_total_time'
int t(void) { void ((*volatile p)()); p = (void ((*)()))rb_gc_total_time; return !p; }
                                                        ^
1 error generated.
checked program was:
/* begin */
 1: #include "ruby.h"
 2: 
 3: /*top*/
 4: extern int t(void);
 5: int main(int argc, char **argv)
 6: {
 7:   if (argc > 1000000) {
 8:     printf("%p", &t);
 9:   }
10: 
11:   return 0;
12: }
13: int t(void) { void ((*volatile p)()); p = (void ((*)()))rb_gc_total_time; return !p; }
/* end */

"clang -o conftest -I/Users/neil/.rbenv/versions/2.5.3/include/ruby-2.5.0/x86_64-darwin17 -I/Users/neil/.rbenv/versions/2.5.3/include/ruby-2.5.0/ruby/backward -I/Users/neil/.rbenv/versions/2.5.3/include/ruby-2.5.0 -I. -I/Users/neil/.rbenv/versions/2.5.3/include  -D_XOPEN_SOURCE -D_DARWIN_C_SOURCE -D_DARWIN_UNLIMITED_SELECT -D_REENTRANT   -O3 -ggdb3 -Wall -Wextra -Wno-unused-parameter -Wno-parentheses -Wno-long-long -Wno-missing-field-initializers -Wno-tautological-compare -Wno-parentheses-equality -Wno-constant-logical-operand -Wno-self-assign -Wunused-variable -Wimplicit-int -Wpointer-arith -Wwrite-strings -Wdeclaration-after-statement -Wshorten-64-to-32 -Wimplicit-function-declaration -Wdivision-by-zero -Wdeprecated-declarations -Wextra-tokens  -pipe -std=c99 conftest.c  -L. -L/Users/neil/.rbenv/versions/2.5.3/lib -L. -L/Users/neil/.rbenv/versions/2.5.3/lib  -fstack-protector -L/usr/local/lib     -lruby.2.5.3-static -framework Foundation  -lpthread -lgmp -ldl -lobjc "
Undefined symbols for architecture x86_64:
  "_rb_gc_total_time", referenced from:
      _t in conftest-0714cd.o
ld: symbol(s) not found for architecture x86_64
clang: error: linker command failed with exit code 1 (use -v to see invocation)
checked program was:
/* begin */
 1: #include "ruby.h"
 2: 
 3: /*top*/
 4: extern int t(void);
 5: int main(int argc, char **argv)
 6: {
 7:   if (argc > 1000000) {
 8:     printf("%p", &t);
 9:   }
10: 
11:   return 0;
12: }
13: extern void rb_gc_total_time();
14: int t(void) { rb_gc_total_time(); return 0; }
/* end */

--------------------

have_func: checking for rb_gc_total_mallocs()... -------------------- no

"clang -o conftest -I/Users/neil/.rbenv/versions/2.5.3/include/ruby-2.5.0/x86_64-darwin17 -I/Users/neil/.rbenv/versions/2.5.3/include/ruby-2.5.0/ruby/backward -I/Users/neil/.rbenv/versions/2.5.3/include/ruby-2.5.0 -I. -I/Users/neil/.rbenv/versions/2.5.3/include  -D_XOPEN_SOURCE -D_DARWIN_C_SOURCE -D_DARWIN_UNLIMITED_SELECT -D_REENTRANT   -O3 -ggdb3 -Wall -Wextra -Wno-unused-parameter -Wno-parentheses -Wno-long-long -Wno-missing-field-initializers -Wno-tautological-compare -Wno-parentheses-equality -Wno-constant-logical-operand -Wno-self-assign -Wunused-variable -Wimplicit-int -Wpointer-arith -Wwrite-strings -Wdeclaration-after-statement -Wshorten-64-to-32 -Wimplicit-function-declaration -Wdivision-by-zero -Wdeprecated-declarations -Wextra-tokens  -pipe -std=c99 conftest.c  -L. -L/Users/neil/.rbenv/versions/2.5.3/lib -L. -L/Users/neil/.rbenv/versions/2.5.3/lib  -fstack-protector -L/usr/local/lib     -lruby.2.5.3-static -framework Foundation  -lpthread -lgmp -ldl -lobjc "
conftest.c:13:57: error: use of undeclared identifier 'rb_gc_total_mallocs'
int t(void) { void ((*volatile p)()); p = (void ((*)()))rb_gc_total_mallocs; return !p; }
                                                        ^
1 error generated.
checked program was:
/* begin */
 1: #include "ruby.h"
 2: 
 3: /*top*/
 4: extern int t(void);
 5: int main(int argc, char **argv)
 6: {
 7:   if (argc > 1000000) {
 8:     printf("%p", &t);
 9:   }
10: 
11:   return 0;
12: }
13: int t(void) { void ((*volatile p)()); p = (void ((*)()))rb_gc_total_mallocs; return !p; }
/* end */

"clang -o conftest -I/Users/neil/.rbenv/versions/2.5.3/include/ruby-2.5.0/x86_64-darwin17 -I/Users/neil/.rbenv/versions/2.5.3/include/ruby-2.5.0/ruby/backward -I/Users/neil/.rbenv/versions/2.5.3/include/ruby-2.5.0 -I. -I/Users/neil/.rbenv/versions/2.5.3/include  -D_XOPEN_SOURCE -D_DARWIN_C_SOURCE -D_DARWIN_UNLIMITED_SELECT -D_REENTRANT   -O3 -ggdb3 -Wall -Wextra -Wno-unused-parameter -Wno-parentheses -Wno-long-long -Wno-missing-field-initializers -Wno-tautological-compare -Wno-parentheses-equality -Wno-constant-logical-operand -Wno-self-assign -Wunused-variable -Wimplicit-int -Wpointer-arith -Wwrite-strings -Wdeclaration-after-statement -Wshorten-64-to-32 -Wimplicit-function-declaration -Wdivision-by-zero -Wdeprecated-declarations -Wextra-tokens  -pipe -std=c99 conftest.c  -L. -L/Users/neil/.rbenv/versions/2.5.3/lib -L. -L/Users/neil/.rbenv/versions/2.5.3/lib  -fstack-protector -L/usr/local/lib     -lruby.2.5.3-static -framework Foundation  -lpthread -lgmp -ldl -lobjc "
Undefined symbols for architecture x86_64:
  "_rb_gc_total_mallocs", referenced from:
      _t in conftest-82f86f.o
ld: symbol(s) not found for architecture x86_64
clang: error: linker command failed with exit code 1 (use -v to see invocation)
checked program was:
/* begin */
 1: #include "ruby.h"
 2: 
 3: /*top*/
 4: extern int t(void);
 5: int main(int argc, char **argv)
 6: {
 7:   if (argc > 1000000) {
 8:     printf("%p", &t);
 9:   }
10: 
11:   return 0;
12: }
13: extern void rb_gc_total_mallocs();
14: int t(void) { rb_gc_total_mallocs(); return 0; }
/* end */

--------------------

have_func: checking for rb_gc_total_malloced_bytes()... -------------------- no

"clang -o conftest -I/Users/neil/.rbenv/versions/2.5.3/include/ruby-2.5.0/x86_64-darwin17 -I/Users/neil/.rbenv/versions/2.5.3/include/ruby-2.5.0/ruby/backward -I/Users/neil/.rbenv/versions/2.5.3/include/ruby-2.5.0 -I. -I/Users/neil/.rbenv/versions/2.5.3/include  -D_XOPEN_SOURCE -D_DARWIN_C_SOURCE -D_DARWIN_UNLIMITED_SELECT -D_REENTRANT   -O3 -ggdb3 -Wall -Wextra -Wno-unused-parameter -Wno-parentheses -Wno-long-long -Wno-missing-field-initializers -Wno-tautological-compare -Wno-parentheses-equality -Wno-constant-logical-operand -Wno-self-assign -Wunused-variable -Wimplicit-int -Wpointer-arith -Wwrite-strings -Wdeclaration-after-statement -Wshorten-64-to-32 -Wimplicit-function-declaration -Wdivision-by-zero -Wdeprecated-declarations -Wextra-tokens  -pipe -std=c99 conftest.c  -L. -L/Users/neil/.rbenv/versions/2.5.3/lib -L. -L/Users/neil/.rbenv/versions/2.5.3/lib  -fstack-protector -L/usr/local/lib     -lruby.2.5.3-static -framework Foundation  -lpthread -lgmp -ldl -lobjc "
conftest.c:13:57: error: use of undeclared identifier 'rb_gc_total_malloced_bytes'
int t(void) { void ((*volatile p)()); p = (void ((*)()))rb_gc_total_malloced_bytes; return !p; }
                                                        ^
1 error generated.
checked program was:
/* begin */
 1: #include "ruby.h"
 2: 
 3: /*top*/
 4: extern int t(void);
 5: int main(int argc, char **argv)
 6: {
 7:   if (argc > 1000000) {
 8:     printf("%p", &t);
 9:   }
10: 
11:   return 0;
12: }
13: int t(void) { void ((*volatile p)()); p = (void ((*)()))rb_gc_total_malloced_bytes; return !p; }
/* end */

"clang -o conftest -I/Users/neil/.rbenv/versions/2.5.3/include/ruby-2.5.0/x86_64-darwin17 -I/Users/neil/.rbenv/versions/2.5.3/include/ruby-2.5.0/ruby/backward -I/Users/neil/.rbenv/versions/2.5.3/include/ruby-2.5.0 -I. -I/Users/neil/.rbenv/versions/2.5.3/include  -D_XOPEN_SOURCE -D_DARWIN_C_SOURCE -D_DARWIN_UNLIMITED_SELECT -D_REENTRANT   -O3 -ggdb3 -Wall -Wextra -Wno-unused-parameter -Wno-parentheses -Wno-long-long -Wno-missing-field-initializers -Wno-tautological-compare -Wno-parentheses-equality -Wno-constant-logical-operand -Wno-self-assign -Wunused-variable -Wimplicit-int -Wpointer-arith -Wwrite-strings -Wdeclaration-after-statement -Wshorten-64-to-32 -Wimplicit-function-declaration -Wdivision-by-zero -Wdeprecated-declarations -Wextra-tokens  -pipe -std=c99 conftest.c  -L. -L/Users/neil/.rbenv/versions/2.5.3/lib -L. -L/Users/neil/.rbenv/versions/2.5.3/lib  -fstack-protector -L/usr/local/lib     -lruby.2.5.3-static -framework Foundation  -lpthread -lgmp -ldl -lobjc "
Undefined symbols for architecture x86_64:
  "_rb_gc_total_malloced_bytes", referenced from:
      _t in conftest-78fff7.o
ld: symbol(s) not found for architecture x86_64
clang: error: linker command failed with exit code 1 (use -v to see invocation)
checked program was:
/* begin */
 1: #include "ruby.h"
 2: 
 3: /*top*/
 4: extern int t(void);
 5: int main(int argc, char **argv)
 6: {
 7:   if (argc > 1000000) {
 8:     printf("%p", &t);
 9:   }
10: 
11:   return 0;
12: }
13: extern void rb_gc_total_malloced_bytes();
14: int t(void) { rb_gc_total_malloced_bytes(); return 0; }
/* end */

--------------------

have_func: checking for rb_heap_total_mem()... -------------------- no

"clang -o conftest -I/Users/neil/.rbenv/versions/2.5.3/include/ruby-2.5.0/x86_64-darwin17 -I/Users/neil/.rbenv/versions/2.5.3/include/ruby-2.5.0/ruby/backward -I/Users/neil/.rbenv/versions/2.5.3/include/ruby-2.5.0 -I. -I/Users/neil/.rbenv/versions/2.5.3/include  -D_XOPEN_SOURCE -D_DARWIN_C_SOURCE -D_DARWIN_UNLIMITED_SELECT -D_REENTRANT   -O3 -ggdb3 -Wall -Wextra -Wno-unused-parameter -Wno-parentheses -Wno-long-long -Wno-missing-field-initializers -Wno-tautological-compare -Wno-parentheses-equality -Wno-constant-logical-operand -Wno-self-assign -Wunused-variable -Wimplicit-int -Wpointer-arith -Wwrite-strings -Wdeclaration-after-statement -Wshorten-64-to-32 -Wimplicit-function-declaration -Wdivision-by-zero -Wdeprecated-declarations -Wextra-tokens  -pipe -std=c99 conftest.c  -L. -L/Users/neil/.rbenv/versions/2.5.3/lib -L. -L/Users/neil/.rbenv/versions/2.5.3/lib  -fstack-protector -L/usr/local/lib     -lruby.2.5.3-static -framework Foundation  -lpthread -lgmp -ldl -lobjc "
conftest.c:13:57: error: use of undeclared identifier 'rb_heap_total_mem'
int t(void) { void ((*volatile p)()); p = (void ((*)()))rb_heap_total_mem; return !p; }
                                                        ^
1 error generated.
checked program was:
/* begin */
 1: #include "ruby.h"
 2: 
 3: /*top*/
 4: extern int t(void);
 5: int main(int argc, char **argv)
 6: {
 7:   if (argc > 1000000) {
 8:     printf("%p", &t);
 9:   }
10: 
11:   return 0;
12: }
13: int t(void) { void ((*volatile p)()); p = (void ((*)()))rb_heap_total_mem; return !p; }
/* end */

"clang -o conftest -I/Users/neil/.rbenv/versions/2.5.3/include/ruby-2.5.0/x86_64-darwin17 -I/Users/neil/.rbenv/versions/2.5.3/include/ruby-2.5.0/ruby/backward -I/Users/neil/.rbenv/versions/2.5.3/include/ruby-2.5.0 -I. -I/Users/neil/.rbenv/versions/2.5.3/include  -D_XOPEN_SOURCE -D_DARWIN_C_SOURCE -D_DARWIN_UNLIMITED_SELECT -D_REENTRANT   -O3 -ggdb3 -Wall -Wextra -Wno-unused-parameter -Wno-parentheses -Wno-long-long -Wno-missing-field-initializers -Wno-tautological-compare -Wno-parentheses-equality -Wno-constant-logical-operand -Wno-self-assign -Wunused-variable -Wimplicit-int -Wpointer-arith -Wwrite-strings -Wdeclaration-after-statement -Wshorten-64-to-32 -Wimplicit-function-declaration -Wdivision-by-zero -Wdeprecated-declarations -Wextra-tokens  -pipe -std=c99 conftest.c  -L. -L/Users/neil/.rbenv/versions/2.5.3/lib -L. -L/Users/neil/.rbenv/versions/2.5.3/lib  -fstack-protector -L/usr/local/lib     -lruby.2.5.3-static -framework Foundation  -lpthread -lgmp -ldl -lobjc "
Undefined symbols for architecture x86_64:
  "_rb_heap_total_mem", referenced from:
      _t in conftest-96baaf.o
ld: symbol(s) not found for architecture x86_64
clang: error: linker command failed with exit code 1 (use -v to see invocation)
checked program was:
/* begin */
 1: #include "ruby.h"
 2: 
 3: /*top*/
 4: extern int t(void);
 5: int main(int argc, char **argv)
 6: {
 7:   if (argc > 1000000) {
 8:     printf("%p", &t);
 9:   }
10: 
11:   return 0;
12: }
13: extern void rb_heap_total_mem();
14: int t(void) { rb_heap_total_mem(); return 0; }
/* end */

--------------------

have_func: checking for rb_gc_heap_info()... -------------------- no

"clang -o conftest -I/Users/neil/.rbenv/versions/2.5.3/include/ruby-2.5.0/x86_64-darwin17 -I/Users/neil/.rbenv/versions/2.5.3/include/ruby-2.5.0/ruby/backward -I/Users/neil/.rbenv/versions/2.5.3/include/ruby-2.5.0 -I. -I/Users/neil/.rbenv/versions/2.5.3/include  -D_XOPEN_SOURCE -D_DARWIN_C_SOURCE -D_DARWIN_UNLIMITED_SELECT -D_REENTRANT   -O3 -ggdb3 -Wall -Wextra -Wno-unused-parameter -Wno-parentheses -Wno-long-long -Wno-missing-field-initializers -Wno-tautological-compare -Wno-parentheses-equality -Wno-constant-logical-operand -Wno-self-assign -Wunused-variable -Wimplicit-int -Wpointer-arith -Wwrite-strings -Wdeclaration-after-statement -Wshorten-64-to-32 -Wimplicit-function-declaration -Wdivision-by-zero -Wdeprecated-declarations -Wextra-tokens  -pipe -std=c99 conftest.c  -L. -L/Users/neil/.rbenv/versions/2.5.3/lib -L. -L/Users/neil/.rbenv/versions/2.5.3/lib  -fstack-protector -L/usr/local/lib     -lruby.2.5.3-static -framework Foundation  -lpthread -lgmp -ldl -lobjc "
conftest.c:13:57: error: use of undeclared identifier 'rb_gc_heap_info'
int t(void) { void ((*volatile p)()); p = (void ((*)()))rb_gc_heap_info; return !p; }
                                                        ^
1 error generated.
checked program was:
/* begin */
 1: #include "ruby.h"
 2: 
 3: /*top*/
 4: extern int t(void);
 5: int main(int argc, char **argv)
 6: {
 7:   if (argc > 1000000) {
 8:     printf("%p", &t);
 9:   }
10: 
11:   return 0;
12: }
13: int t(void) { void ((*volatile p)()); p = (void ((*)()))rb_gc_heap_info; return !p; }
/* end */

"clang -o conftest -I/Users/neil/.rbenv/versions/2.5.3/include/ruby-2.5.0/x86_64-darwin17 -I/Users/neil/.rbenv/versions/2.5.3/include/ruby-2.5.0/ruby/backward -I/Users/neil/.rbenv/versions/2.5.3/include/ruby-2.5.0 -I. -I/Users/neil/.rbenv/versions/2.5.3/include  -D_XOPEN_SOURCE -D_DARWIN_C_SOURCE -D_DARWIN_UNLIMITED_SELECT -D_REENTRANT   -O3 -ggdb3 -Wall -Wextra -Wno-unused-parameter -Wno-parentheses -Wno-long-long -Wno-missing-field-initializers -Wno-tautological-compare -Wno-parentheses-equality -Wno-constant-logical-operand -Wno-self-assign -Wunused-variable -Wimplicit-int -Wpointer-arith -Wwrite-strings -Wdeclaration-after-statement -Wshorten-64-to-32 -Wimplicit-function-declaration -Wdivision-by-zero -Wdeprecated-declarations -Wextra-tokens  -pipe -std=c99 conftest.c  -L. -L/Users/neil/.rbenv/versions/2.5.3/lib -L. -L/Users/neil/.rbenv/versions/2.5.3/lib  -fstack-protector -L/usr/local/lib     -lruby.2.5.3-static -framework Foundation  -lpthread -lgmp -ldl -lobjc "
Undefined symbols for architecture x86_64:
  "_rb_gc_heap_info", referenced from:
      _t in conftest-dccb0b.o
ld: symbol(s) not found for architecture x86_64
clang: error: linker command failed with exit code 1 (use -v to see invocation)
checked program was:
/* begin */
 1: #include "ruby.h"
 2: 
 3: /*top*/
 4: extern int t(void);
 5: int main(int argc, char **argv)
 6: {
 7:   if (argc > 1000000) {
 8:     printf("%p", &t);
 9:   }
10: 
11:   return 0;
12: }
13: extern void rb_gc_heap_info();
14: int t(void) { rb_gc_heap_info(); return 0; }
/* end */

--------------------

