Performing C SOURCE FILE Test HAVE_STRUCT_STAT_ST_MTIM failed with the following output:
Change Dir: /Users/neil/ci-test-sorbet/gems/sorbet/test/gitlab/gems/ruby/2.5.0/gems/rugged-0.28.1/vendor/libgit2/build/CMakeFiles/CMakeTmp

Run Build Command:"/usr/bin/make" "cmTC_e9f05/fast"
/Library/Developer/CommandLineTools/usr/bin/make -f CMakeFiles/cmTC_e9f05.dir/build.make CMakeFiles/cmTC_e9f05.dir/build
Building C object CMakeFiles/cmTC_e9f05.dir/src.c.o
/Library/Developer/CommandLineTools/usr/bin/cc   -fPIC -DHAVE_STRUCT_STAT_ST_MTIM   -o CMakeFiles/cmTC_e9f05.dir/src.c.o   -c /Users/neil/ci-test-sorbet/gems/sorbet/test/gitlab/gems/ruby/2.5.0/gems/rugged-0.28.1/vendor/libgit2/build/CMakeFiles/CMakeTmp/src.c
/Users/neil/ci-test-sorbet/gems/sorbet/test/gitlab/gems/ruby/2.5.0/gems/rugged-0.28.1/vendor/libgit2/build/CMakeFiles/CMakeTmp/src.c:7:37: error: no member named 'st_mtim' in 'struct stat'
   (void)sizeof(((struct stat *)0)->st_mtim);
                ~~~~~~~~~~~~~~~~~~  ^
1 error generated.
make[1]: *** [CMakeFiles/cmTC_e9f05.dir/src.c.o] Error 1
make: *** [cmTC_e9f05/fast] Error 2

Source file was:

#include <sys/types.h>
#include <sys/stat.h>

int main()
{
   (void)sizeof(((struct stat *)0)->st_mtim);
   return 0;
}

Performing C SOURCE FILE Test HAVE_STRUCT_STAT_MTIME_NSEC failed with the following output:
Change Dir: /Users/neil/ci-test-sorbet/gems/sorbet/test/gitlab/gems/ruby/2.5.0/gems/rugged-0.28.1/vendor/libgit2/build/CMakeFiles/CMakeTmp

Run Build Command:"/usr/bin/make" "cmTC_af85b/fast"
/Library/Developer/CommandLineTools/usr/bin/make -f CMakeFiles/cmTC_af85b.dir/build.make CMakeFiles/cmTC_af85b.dir/build
Building C object CMakeFiles/cmTC_af85b.dir/src.c.o
/Library/Developer/CommandLineTools/usr/bin/cc   -fPIC -DHAVE_STRUCT_STAT_MTIME_NSEC   -o CMakeFiles/cmTC_af85b.dir/src.c.o   -c /Users/neil/ci-test-sorbet/gems/sorbet/test/gitlab/gems/ruby/2.5.0/gems/rugged-0.28.1/vendor/libgit2/build/CMakeFiles/CMakeTmp/src.c
/Users/neil/ci-test-sorbet/gems/sorbet/test/gitlab/gems/ruby/2.5.0/gems/rugged-0.28.1/vendor/libgit2/build/CMakeFiles/CMakeTmp/src.c:6:37: error: no member named 'st_mtime_nsec' in 'struct stat'; did you mean 'st_mtimespec'?
   (void)sizeof(((struct stat *)0)->st_mtime_nsec);
                                    ^~~~~~~~~~~~~
                                    st_mtimespec
/usr/include/sys/stat.h:182:13: note: 'st_mtimespec' declared here
struct stat __DARWIN_STRUCT_STAT64;
            ^
/usr/include/sys/stat.h:166:2: note: expanded from macro '__DARWIN_STRUCT_STAT64'
        __DARWIN_STRUCT_STAT64_TIMES \
        ^
/usr/include/sys/stat.h:130:18: note: expanded from macro '__DARWIN_STRUCT_STAT64_TIMES'
        struct timespec st_mtimespec;           /* time of last data modification */ \
                        ^
1 error generated.
make[1]: *** [CMakeFiles/cmTC_af85b.dir/src.c.o] Error 1
make: *** [cmTC_af85b/fast] Error 2

Source file was:

#include <sys/stat.h>

int main()
{
   (void)sizeof(((struct stat *)0)->st_mtime_nsec);
   return 0;
}

Determining if the prototype qsort_r exists for HAVE_QSORT_R_GNU failed with the following output:
Change Dir: /Users/neil/ci-test-sorbet/gems/sorbet/test/gitlab/gems/ruby/2.5.0/gems/rugged-0.28.1/vendor/libgit2/build/CMakeFiles/CMakeTmp

Run Build Command:"/usr/bin/make" "cmTC_59753/fast"
/Library/Developer/CommandLineTools/usr/bin/make -f CMakeFiles/cmTC_59753.dir/build.make CMakeFiles/cmTC_59753.dir/build
Building C object CMakeFiles/cmTC_59753.dir/CheckPrototypeDefinition.c.o
/Library/Developer/CommandLineTools/usr/bin/cc   -D_GNU_SOURCE -fPIC -Wall -Wextra -Wdocumentation -Wno-missing-field-initializers -Wstrict-aliasing -Wstrict-prototypes -Wdeclaration-after-statement -Wshift-count-overflow -Wunused-const-variable -Wunused-function -Wformat -Wformat-security -Wint-conversion -Wno-documentation-deprecated-sync    -o CMakeFiles/cmTC_59753.dir/CheckPrototypeDefinition.c.o   -c /Users/neil/ci-test-sorbet/gems/sorbet/test/gitlab/gems/ruby/2.5.0/gems/rugged-0.28.1/vendor/libgit2/build/CMakeFiles/CMakeTmp/CheckPrototypeDefinition.c
/Users/neil/ci-test-sorbet/gems/sorbet/test/gitlab/gems/ruby/2.5.0/gems/rugged-0.28.1/vendor/libgit2/build/CMakeFiles/CMakeTmp/CheckPrototypeDefinition.c:14:6: error: conflicting types for 'qsort_r'
void qsort_r(void *base, size_t nmemb, size_t size, int (*compar)(const void *, const void *, void *), void *arg) {
     ^
/usr/include/stdlib.h:325:7: note: previous declaration is here
void     qsort_r(void *__base, size_t __nel, size_t __width, void *,
         ^
1 error generated.
make[1]: *** [CMakeFiles/cmTC_59753.dir/CheckPrototypeDefinition.c.o] Error 1
make: *** [cmTC_59753/fast] Error 2


#include <stdlib.h>


static void cmakeRequireSymbol(int dummy, ...) {
  (void) dummy;
}

static void checkSymbol(void) {
#ifndef qsort_r
  cmakeRequireSymbol(0, &qsort_r);
#endif
}

void qsort_r(void *base, size_t nmemb, size_t size, int (*compar)(const void *, const void *, void *), void *arg) {
  return ;
}

#ifdef __CLASSIC_C__
int main() {
  int ac;
  char*av[];
#else
int main(int ac, char *av[]) {
#endif
  checkSymbol();
  if (ac > 1000) {
    return *av[0];
  }
  return 0;
}


Determining if the function qsort_s exists failed with the following output:
Change Dir: /Users/neil/ci-test-sorbet/gems/sorbet/test/gitlab/gems/ruby/2.5.0/gems/rugged-0.28.1/vendor/libgit2/build/CMakeFiles/CMakeTmp

Run Build Command:"/usr/bin/make" "cmTC_24654/fast"
/Library/Developer/CommandLineTools/usr/bin/make -f CMakeFiles/cmTC_24654.dir/build.make CMakeFiles/cmTC_24654.dir/build
Building C object CMakeFiles/cmTC_24654.dir/CheckFunctionExists.c.o
/Library/Developer/CommandLineTools/usr/bin/cc   -D_GNU_SOURCE -fPIC -Wall -Wextra -Wdocumentation -Wno-missing-field-initializers -Wstrict-aliasing -Wstrict-prototypes -Wdeclaration-after-statement -Wshift-count-overflow -Wunused-const-variable -Wunused-function -Wformat -Wformat-security -Wint-conversion -Wno-documentation-deprecated-sync -DCHECK_FUNCTION_EXISTS=qsort_s   -o CMakeFiles/cmTC_24654.dir/CheckFunctionExists.c.o   -c /usr/local/Cellar/cmake/3.13.4/share/cmake/Modules/CheckFunctionExists.c
Linking C executable cmTC_24654
/usr/local/Cellar/cmake/3.13.4/bin/cmake -E cmake_link_script CMakeFiles/cmTC_24654.dir/link.txt --verbose=1
/Library/Developer/CommandLineTools/usr/bin/cc -D_GNU_SOURCE -fPIC -Wall -Wextra -Wdocumentation -Wno-missing-field-initializers -Wstrict-aliasing -Wstrict-prototypes -Wdeclaration-after-statement -Wshift-count-overflow -Wunused-const-variable -Wunused-function -Wformat -Wformat-security -Wint-conversion -Wno-documentation-deprecated-sync -DCHECK_FUNCTION_EXISTS=qsort_s -Wl,-search_paths_first -Wl,-headerpad_max_install_names   CMakeFiles/cmTC_24654.dir/CheckFunctionExists.c.o  -o cmTC_24654 
Undefined symbols for architecture x86_64:
  "_qsort_s", referenced from:
      _main in CheckFunctionExists.c.o
ld: symbol(s) not found for architecture x86_64
clang: error: linker command failed with exit code 1 (use -v to see invocation)
make[1]: *** [cmTC_24654] Error 1
make: *** [cmTC_24654/fast] Error 2


Determining if the function clock_gettime exists in the rt failed with the following output:
Change Dir: /Users/neil/ci-test-sorbet/gems/sorbet/test/gitlab/gems/ruby/2.5.0/gems/rugged-0.28.1/vendor/libgit2/build/CMakeFiles/CMakeTmp

Run Build Command:"/usr/bin/make" "cmTC_16197/fast"
/Library/Developer/CommandLineTools/usr/bin/make -f CMakeFiles/cmTC_16197.dir/build.make CMakeFiles/cmTC_16197.dir/build
Building C object CMakeFiles/cmTC_16197.dir/CheckFunctionExists.c.o
/Library/Developer/CommandLineTools/usr/bin/cc   -D_GNU_SOURCE -fPIC -Wall -Wextra -Wdocumentation -Wno-missing-field-initializers -Wstrict-aliasing -Wstrict-prototypes -Wdeclaration-after-statement -Wshift-count-overflow -Wunused-const-variable -Wunused-function -Wformat -Wformat-security -Wint-conversion -Wno-documentation-deprecated-sync -DCHECK_FUNCTION_EXISTS=clock_gettime   -o CMakeFiles/cmTC_16197.dir/CheckFunctionExists.c.o   -c /usr/local/Cellar/cmake/3.13.4/share/cmake/Modules/CheckFunctionExists.c
Linking C executable cmTC_16197
/usr/local/Cellar/cmake/3.13.4/bin/cmake -E cmake_link_script CMakeFiles/cmTC_16197.dir/link.txt --verbose=1
/Library/Developer/CommandLineTools/usr/bin/cc -D_GNU_SOURCE -fPIC -Wall -Wextra -Wdocumentation -Wno-missing-field-initializers -Wstrict-aliasing -Wstrict-prototypes -Wdeclaration-after-statement -Wshift-count-overflow -Wunused-const-variable -Wunused-function -Wformat -Wformat-security -Wint-conversion -Wno-documentation-deprecated-sync -DCHECK_FUNCTION_EXISTS=clock_gettime -Wl,-search_paths_first -Wl,-headerpad_max_install_names   CMakeFiles/cmTC_16197.dir/CheckFunctionExists.c.o  -o cmTC_16197  -L/Users/neil/ci-test-sorbet/gems/sorbet/test/gitlab/gems/ruby/2.5.0/gems/rugged-0.28.1/vendor/libgit2/build/CMakeFiles/CMakeTmp/time.h -Wl,-rpath,/Users/neil/ci-test-sorbet/gems/sorbet/test/gitlab/gems/ruby/2.5.0/gems/rugged-0.28.1/vendor/libgit2/build/CMakeFiles/CMakeTmp/time.h -lrt 
ld: warning: directory not found for option '-L/Users/neil/ci-test-sorbet/gems/sorbet/test/gitlab/gems/ruby/2.5.0/gems/rugged-0.28.1/vendor/libgit2/build/CMakeFiles/CMakeTmp/time.h'
ld: library not found for -lrt
clang: error: linker command failed with exit code 1 (use -v to see invocation)
make[1]: *** [cmTC_16197] Error 1
make: *** [cmTC_16197/fast] Error 2


Performing C SOURCE FILE Test IS_WIMPLICIT_FALLTHROUGH_1_SUPPORTED failed with the following output:
Change Dir: /Users/neil/ci-test-sorbet/gems/sorbet/test/gitlab/gems/ruby/2.5.0/gems/rugged-0.28.1/vendor/libgit2/build/CMakeFiles/CMakeTmp

Run Build Command:"/usr/bin/make" "cmTC_ae796/fast"
/Library/Developer/CommandLineTools/usr/bin/make -f CMakeFiles/cmTC_ae796.dir/build.make CMakeFiles/cmTC_ae796.dir/build
Building C object CMakeFiles/cmTC_ae796.dir/src.c.o
/Library/Developer/CommandLineTools/usr/bin/cc   -D_GNU_SOURCE -fPIC -Wall -Wextra -Wdocumentation -Wno-missing-field-initializers -Wstrict-aliasing -Wstrict-prototypes -Wdeclaration-after-statement -Wshift-count-overflow -Wunused-const-variable -Wunused-function -Wformat -Wformat-security -Wint-conversion -Wno-documentation-deprecated-sync -DIS_WIMPLICIT_FALLTHROUGH_1_SUPPORTED   -Wimplicit-fallthrough=1 -o CMakeFiles/cmTC_ae796.dir/src.c.o   -c /Users/neil/ci-test-sorbet/gems/sorbet/test/gitlab/gems/ruby/2.5.0/gems/rugged-0.28.1/vendor/libgit2/build/CMakeFiles/CMakeTmp/src.c
warning: unknown warning option '-Wimplicit-fallthrough=1'; did you mean '-Wimplicit-fallthrough'? [-Wunknown-warning-option]
1 warning generated.
Linking C executable cmTC_ae796
/usr/local/Cellar/cmake/3.13.4/bin/cmake -E cmake_link_script CMakeFiles/cmTC_ae796.dir/link.txt --verbose=1
/Library/Developer/CommandLineTools/usr/bin/cc -D_GNU_SOURCE -fPIC -Wall -Wextra -Wdocumentation -Wno-missing-field-initializers -Wstrict-aliasing -Wstrict-prototypes -Wdeclaration-after-statement -Wshift-count-overflow -Wunused-const-variable -Wunused-function -Wformat -Wformat-security -Wint-conversion -Wno-documentation-deprecated-sync -DIS_WIMPLICIT_FALLTHROUGH_1_SUPPORTED -Wl,-search_paths_first -Wl,-headerpad_max_install_names   CMakeFiles/cmTC_ae796.dir/src.c.o  -o cmTC_ae796 

Source file was:
int main(void) { return 0; }
Determining if the function iconv_open exists failed with the following output:
Change Dir: /Users/neil/ci-test-sorbet/gems/sorbet/test/gitlab/gems/ruby/2.5.0/gems/rugged-0.28.1/vendor/libgit2/build/CMakeFiles/CMakeTmp

Run Build Command:"/usr/bin/make" "cmTC_889d0/fast"
/Library/Developer/CommandLineTools/usr/bin/make -f CMakeFiles/cmTC_889d0.dir/build.make CMakeFiles/cmTC_889d0.dir/build
Building C object CMakeFiles/cmTC_889d0.dir/CheckFunctionExists.c.o
/Library/Developer/CommandLineTools/usr/bin/cc   -D_GNU_SOURCE -fPIC -Wall -Wextra -Wdocumentation -Wno-missing-field-initializers -Wstrict-aliasing -Wstrict-prototypes -Wdeclaration-after-statement -Wshift-count-overflow -Wunused-const-variable -Wunused-function -Wformat -Wformat-security -Wint-conversion -Wno-documentation-deprecated-sync -DCHECK_FUNCTION_EXISTS=iconv_open   -o CMakeFiles/cmTC_889d0.dir/CheckFunctionExists.c.o   -c /usr/local/Cellar/cmake/3.13.4/share/cmake/Modules/CheckFunctionExists.c
Linking C executable cmTC_889d0
/usr/local/Cellar/cmake/3.13.4/bin/cmake -E cmake_link_script CMakeFiles/cmTC_889d0.dir/link.txt --verbose=1
/Library/Developer/CommandLineTools/usr/bin/cc -D_GNU_SOURCE -fPIC -Wall -Wextra -Wdocumentation -Wno-missing-field-initializers -Wstrict-aliasing -Wstrict-prototypes -Wdeclaration-after-statement -Wshift-count-overflow -Wunused-const-variable -Wunused-function -Wformat -Wformat-security -Wint-conversion -Wno-documentation-deprecated-sync -DCHECK_FUNCTION_EXISTS=iconv_open -Wl,-search_paths_first -Wl,-headerpad_max_install_names   CMakeFiles/cmTC_889d0.dir/CheckFunctionExists.c.o  -o cmTC_889d0 
Undefined symbols for architecture x86_64:
  "_iconv_open", referenced from:
      _main in CheckFunctionExists.c.o
ld: symbol(s) not found for architecture x86_64
clang: error: linker command failed with exit code 1 (use -v to see invocation)
make[1]: *** [cmTC_889d0] Error 1
make: *** [cmTC_889d0/fast] Error 2


