"clang -o conftest -I/Users/neil/.rbenv/versions/2.5.3/include/ruby-2.5.0/x86_64-darwin17 -I/Users/neil/.rbenv/versions/2.5.3/include/ruby-2.5.0/ruby/backward -I/Users/neil/.rbenv/versions/2.5.3/include/ruby-2.5.0 -I. -I/Users/neil/ci-test-sorbet/gems/sorbet/test/gitlab/gems/ruby/2.5.0/gems/gpgme-2.0.18/ports/x86_64-apple-darwin18.2.0/gpgme/1.12.0/include -I/Users/neil/ci-test-sorbet/gems/sorbet/test/gitlab/gems/ruby/2.5.0/gems/gpgme-2.0.18/ports/x86_64-apple-darwin18.2.0/libassuan/2.5.1/include -I/Users/neil/ci-test-sorbet/gems/sorbet/test/gitlab/gems/ruby/2.5.0/gems/gpgme-2.0.18/ports/x86_64-apple-darwin18.2.0/libgpg-error/1.32/include -I/Users/neil/.rbenv/versions/2.5.3/include  -D_XOPEN_SOURCE -D_DARWIN_C_SOURCE -D_DARWIN_UNLIMITED_SELECT -D_REENTRANT   -O3 -ggdb3 -Wall -Wextra -Wno-unused-parameter -Wno-parentheses -Wno-long-long -Wno-missing-field-initializers -Wno-tautological-compare -Wno-parentheses-equality -Wno-constant-logical-operand -Wno-self-assign -Wunused-variable -Wimplicit-int -Wpointer-arith -Wwrite-strings -Wdeclaration-after-statement -Wshorten-64-to-32 -Wimplicit-function-declaration -Wdivision-by-zero -Wdeprecated-declarations -Wextra-tokens  -pipe conftest.c  -L. -L/Users/neil/.rbenv/versions/2.5.3/lib -L/Users/neil/ci-test-sorbet/gems/sorbet/test/gitlab/gems/ruby/2.5.0/gems/gpgme-2.0.18/ports/x86_64-apple-darwin18.2.0/libgpg-error/1.32/lib -L/Users/neil/ci-test-sorbet/gems/sorbet/test/gitlab/gems/ruby/2.5.0/gems/gpgme-2.0.18/ports/x86_64-apple-darwin18.2.0/libassuan/2.5.1/lib -L/Users/neil/ci-test-sorbet/gems/sorbet/test/gitlab/gems/ruby/2.5.0/gems/gpgme-2.0.18/ports/x86_64-apple-darwin18.2.0/gpgme/1.12.0/lib -L. -L/Users/neil/.rbenv/versions/2.5.3/lib  -fstack-protector -L/usr/local/lib    /Users/neil/ci-test-sorbet/gems/sorbet/test/gitlab/gems/ruby/2.5.0/gems/gpgme-2.0.18/ports/x86_64-apple-darwin18.2.0/gpgme/1.12.0/lib/libgpgme.a /Users/neil/ci-test-sorbet/gems/sorbet/test/gitlab/gems/ruby/2.5.0/gems/gpgme-2.0.18/ports/x86_64-apple-darwin18.2.0/libassuan/2.5.1/lib/libassuan.a /Users/neil/ci-test-sorbet/gems/sorbet/test/gitlab/gems/ruby/2.5.0/gems/gpgme-2.0.18/ports/x86_64-apple-darwin18.2.0/libgpg-error/1.32/lib/libgpg-error.a -lruby.2.5.3-static -framework Foundation  -lpthread -lgmp -ldl -lobjc "
checked program was:
/* begin */
1: #include "ruby.h"
2: 
3: int main(int argc, char **argv)
4: {
5:   return 0;
6: }
/* end */

"clang -o conftest -I/Users/neil/.rbenv/versions/2.5.3/include/ruby-2.5.0/x86_64-darwin17 -I/Users/neil/.rbenv/versions/2.5.3/include/ruby-2.5.0/ruby/backward -I/Users/neil/.rbenv/versions/2.5.3/include/ruby-2.5.0 -I. -I/Users/neil/ci-test-sorbet/gems/sorbet/test/gitlab/gems/ruby/2.5.0/gems/gpgme-2.0.18/ports/x86_64-apple-darwin18.2.0/gpgme/1.12.0/include -I/Users/neil/ci-test-sorbet/gems/sorbet/test/gitlab/gems/ruby/2.5.0/gems/gpgme-2.0.18/ports/x86_64-apple-darwin18.2.0/libassuan/2.5.1/include -I/Users/neil/ci-test-sorbet/gems/sorbet/test/gitlab/gems/ruby/2.5.0/gems/gpgme-2.0.18/ports/x86_64-apple-darwin18.2.0/libgpg-error/1.32/include -I/Users/neil/.rbenv/versions/2.5.3/include  -D_XOPEN_SOURCE -D_DARWIN_C_SOURCE -D_DARWIN_UNLIMITED_SELECT -D_REENTRANT   -O3 -ggdb3 -Wall -Wextra -Wno-unused-parameter -Wno-parentheses -Wno-long-long -Wno-missing-field-initializers -Wno-tautological-compare -Wno-parentheses-equality -Wno-constant-logical-operand -Wno-self-assign -Wunused-variable -Wimplicit-int -Wpointer-arith -Wwrite-strings -Wdeclaration-after-statement -Wshorten-64-to-32 -Wimplicit-function-declaration -Wdivision-by-zero -Wdeprecated-declarations -Wextra-tokens  -pipe conftest.c  -L. -L/Users/neil/.rbenv/versions/2.5.3/lib -L/Users/neil/ci-test-sorbet/gems/sorbet/test/gitlab/gems/ruby/2.5.0/gems/gpgme-2.0.18/ports/x86_64-apple-darwin18.2.0/libgpg-error/1.32/lib -L/Users/neil/ci-test-sorbet/gems/sorbet/test/gitlab/gems/ruby/2.5.0/gems/gpgme-2.0.18/ports/x86_64-apple-darwin18.2.0/libassuan/2.5.1/lib -L/Users/neil/ci-test-sorbet/gems/sorbet/test/gitlab/gems/ruby/2.5.0/gems/gpgme-2.0.18/ports/x86_64-apple-darwin18.2.0/gpgme/1.12.0/lib -L. -L/Users/neil/.rbenv/versions/2.5.3/lib  -fstack-protector -L/usr/local/lib    /Users/neil/ci-test-sorbet/gems/sorbet/test/gitlab/gems/ruby/2.5.0/gems/gpgme-2.0.18/ports/x86_64-apple-darwin18.2.0/gpgme/1.12.0/lib/libgpgme.a /Users/neil/ci-test-sorbet/gems/sorbet/test/gitlab/gems/ruby/2.5.0/gems/gpgme-2.0.18/ports/x86_64-apple-darwin18.2.0/libassuan/2.5.1/lib/libassuan.a /Users/neil/ci-test-sorbet/gems/sorbet/test/gitlab/gems/ruby/2.5.0/gems/gpgme-2.0.18/ports/x86_64-apple-darwin18.2.0/libgpg-error/1.32/lib/libgpg-error.a -lruby.2.5.3-static -framework Foundation -Wl,-Bstatic -lgpgme -Wl,-Bdynamic -lpthread -lgmp -ldl -lobjc "
ld: unknown option: -Bstatic
clang: error: linker command failed with exit code 1 (use -v to see invocation)
checked program was:
/* begin */
1: #include "ruby.h"
2: 
3: int main(void) { return 0; }
/* end */

have_header: checking for gpgme.h... -------------------- yes

"clang -E -I/Users/neil/.rbenv/versions/2.5.3/include/ruby-2.5.0/x86_64-darwin17 -I/Users/neil/.rbenv/versions/2.5.3/include/ruby-2.5.0/ruby/backward -I/Users/neil/.rbenv/versions/2.5.3/include/ruby-2.5.0 -I. -I/Users/neil/ci-test-sorbet/gems/sorbet/test/gitlab/gems/ruby/2.5.0/gems/gpgme-2.0.18/ports/x86_64-apple-darwin18.2.0/gpgme/1.12.0/include -I/Users/neil/ci-test-sorbet/gems/sorbet/test/gitlab/gems/ruby/2.5.0/gems/gpgme-2.0.18/ports/x86_64-apple-darwin18.2.0/libassuan/2.5.1/include -I/Users/neil/ci-test-sorbet/gems/sorbet/test/gitlab/gems/ruby/2.5.0/gems/gpgme-2.0.18/ports/x86_64-apple-darwin18.2.0/libgpg-error/1.32/include -I/Users/neil/.rbenv/versions/2.5.3/include  -D_XOPEN_SOURCE -D_DARWIN_C_SOURCE -D_DARWIN_UNLIMITED_SELECT -D_REENTRANT   -O3 -ggdb3 -Wall -Wextra -Wno-unused-parameter -Wno-parentheses -Wno-long-long -Wno-missing-field-initializers -Wno-tautological-compare -Wno-parentheses-equality -Wno-constant-logical-operand -Wno-self-assign -Wunused-variable -Wimplicit-int -Wpointer-arith -Wwrite-strings -Wdeclaration-after-statement -Wshorten-64-to-32 -Wimplicit-function-declaration -Wdivision-by-zero -Wdeprecated-declarations -Wextra-tokens  -pipe  conftest.c -o conftest.i"
checked program was:
/* begin */
1: #include "ruby.h"
2: 
3: #include <gpgme.h>
/* end */

--------------------

checking for gpgme >= 1.1.3... -------------------- yes

"clang -o conftest -I/Users/neil/.rbenv/versions/2.5.3/include/ruby-2.5.0/x86_64-darwin17 -I/Users/neil/.rbenv/versions/2.5.3/include/ruby-2.5.0/ruby/backward -I/Users/neil/.rbenv/versions/2.5.3/include/ruby-2.5.0 -I. -I/Users/neil/ci-test-sorbet/gems/sorbet/test/gitlab/gems/ruby/2.5.0/gems/gpgme-2.0.18/ports/x86_64-apple-darwin18.2.0/gpgme/1.12.0/include -I/Users/neil/ci-test-sorbet/gems/sorbet/test/gitlab/gems/ruby/2.5.0/gems/gpgme-2.0.18/ports/x86_64-apple-darwin18.2.0/libassuan/2.5.1/include -I/Users/neil/ci-test-sorbet/gems/sorbet/test/gitlab/gems/ruby/2.5.0/gems/gpgme-2.0.18/ports/x86_64-apple-darwin18.2.0/libgpg-error/1.32/include -I/Users/neil/.rbenv/versions/2.5.3/include  -D_XOPEN_SOURCE -D_DARWIN_C_SOURCE -D_DARWIN_UNLIMITED_SELECT -D_REENTRANT   -O3 -ggdb3 -Wall -Wextra -Wno-unused-parameter -Wno-parentheses -Wno-long-long -Wno-missing-field-initializers -Wno-tautological-compare -Wno-parentheses-equality -Wno-constant-logical-operand -Wno-self-assign -Wunused-variable -Wimplicit-int -Wpointer-arith -Wwrite-strings -Wdeclaration-after-statement -Wshorten-64-to-32 -Wimplicit-function-declaration -Wdivision-by-zero -Wdeprecated-declarations -Wextra-tokens  -pipe conftest.c  -L. -L/Users/neil/.rbenv/versions/2.5.3/lib -L/Users/neil/ci-test-sorbet/gems/sorbet/test/gitlab/gems/ruby/2.5.0/gems/gpgme-2.0.18/ports/x86_64-apple-darwin18.2.0/libgpg-error/1.32/lib -L/Users/neil/ci-test-sorbet/gems/sorbet/test/gitlab/gems/ruby/2.5.0/gems/gpgme-2.0.18/ports/x86_64-apple-darwin18.2.0/libassuan/2.5.1/lib -L/Users/neil/ci-test-sorbet/gems/sorbet/test/gitlab/gems/ruby/2.5.0/gems/gpgme-2.0.18/ports/x86_64-apple-darwin18.2.0/gpgme/1.12.0/lib -L. -L/Users/neil/.rbenv/versions/2.5.3/lib  -fstack-protector -L/usr/local/lib    /Users/neil/ci-test-sorbet/gems/sorbet/test/gitlab/gems/ruby/2.5.0/gems/gpgme-2.0.18/ports/x86_64-apple-darwin18.2.0/gpgme/1.12.0/lib/libgpgme.a /Users/neil/ci-test-sorbet/gems/sorbet/test/gitlab/gems/ruby/2.5.0/gems/gpgme-2.0.18/ports/x86_64-apple-darwin18.2.0/libassuan/2.5.1/lib/libassuan.a /Users/neil/ci-test-sorbet/gems/sorbet/test/gitlab/gems/ruby/2.5.0/gems/gpgme-2.0.18/ports/x86_64-apple-darwin18.2.0/libgpg-error/1.32/lib/libgpg-error.a -lruby.2.5.3-static -framework Foundation  -lpthread -lgmp -ldl -lobjc "
checked program was:
/* begin */
1: #include "ruby.h"
2: 
3: #include <gpgme.h>
4: #include <stdlib.h>
5: int main (void) {
6:   return gpgme_check_version ("1.1.3") == NULL;
7: }
/* end */

./conftest
--------------------

have_func: checking for gpgme_op_export_keys()... -------------------- yes

"clang -o conftest -I/Users/neil/.rbenv/versions/2.5.3/include/ruby-2.5.0/x86_64-darwin17 -I/Users/neil/.rbenv/versions/2.5.3/include/ruby-2.5.0/ruby/backward -I/Users/neil/.rbenv/versions/2.5.3/include/ruby-2.5.0 -I. -I/Users/neil/ci-test-sorbet/gems/sorbet/test/gitlab/gems/ruby/2.5.0/gems/gpgme-2.0.18/ports/x86_64-apple-darwin18.2.0/gpgme/1.12.0/include -I/Users/neil/ci-test-sorbet/gems/sorbet/test/gitlab/gems/ruby/2.5.0/gems/gpgme-2.0.18/ports/x86_64-apple-darwin18.2.0/libassuan/2.5.1/include -I/Users/neil/ci-test-sorbet/gems/sorbet/test/gitlab/gems/ruby/2.5.0/gems/gpgme-2.0.18/ports/x86_64-apple-darwin18.2.0/libgpg-error/1.32/include -I/Users/neil/.rbenv/versions/2.5.3/include  -D_XOPEN_SOURCE -D_DARWIN_C_SOURCE -D_DARWIN_UNLIMITED_SELECT -D_REENTRANT   -O3 -ggdb3 -Wall -Wextra -Wno-unused-parameter -Wno-parentheses -Wno-long-long -Wno-missing-field-initializers -Wno-tautological-compare -Wno-parentheses-equality -Wno-constant-logical-operand -Wno-self-assign -Wunused-variable -Wimplicit-int -Wpointer-arith -Wwrite-strings -Wdeclaration-after-statement -Wshorten-64-to-32 -Wimplicit-function-declaration -Wdivision-by-zero -Wdeprecated-declarations -Wextra-tokens  -pipe conftest.c  -L. -L/Users/neil/.rbenv/versions/2.5.3/lib -L/Users/neil/ci-test-sorbet/gems/sorbet/test/gitlab/gems/ruby/2.5.0/gems/gpgme-2.0.18/ports/x86_64-apple-darwin18.2.0/libgpg-error/1.32/lib -L/Users/neil/ci-test-sorbet/gems/sorbet/test/gitlab/gems/ruby/2.5.0/gems/gpgme-2.0.18/ports/x86_64-apple-darwin18.2.0/libassuan/2.5.1/lib -L/Users/neil/ci-test-sorbet/gems/sorbet/test/gitlab/gems/ruby/2.5.0/gems/gpgme-2.0.18/ports/x86_64-apple-darwin18.2.0/gpgme/1.12.0/lib -L. -L/Users/neil/.rbenv/versions/2.5.3/lib  -fstack-protector -L/usr/local/lib    /Users/neil/ci-test-sorbet/gems/sorbet/test/gitlab/gems/ruby/2.5.0/gems/gpgme-2.0.18/ports/x86_64-apple-darwin18.2.0/gpgme/1.12.0/lib/libgpgme.a /Users/neil/ci-test-sorbet/gems/sorbet/test/gitlab/gems/ruby/2.5.0/gems/gpgme-2.0.18/ports/x86_64-apple-darwin18.2.0/libassuan/2.5.1/lib/libassuan.a /Users/neil/ci-test-sorbet/gems/sorbet/test/gitlab/gems/ruby/2.5.0/gems/gpgme-2.0.18/ports/x86_64-apple-darwin18.2.0/libgpg-error/1.32/lib/libgpg-error.a -lruby.2.5.3-static -framework Foundation /Users/neil/ci-test-sorbet/gems/sorbet/test/gitlab/gems/ruby/2.5.0/gems/gpgme-2.0.18/ports/x86_64-apple-darwin18.2.0/gpgme/1.12.0/lib/libgpgme.a /Users/neil/ci-test-sorbet/gems/sorbet/test/gitlab/gems/ruby/2.5.0/gems/gpgme-2.0.18/ports/x86_64-apple-darwin18.2.0/libassuan/2.5.1/lib/libassuan.a /Users/neil/ci-test-sorbet/gems/sorbet/test/gitlab/gems/ruby/2.5.0/gems/gpgme-2.0.18/ports/x86_64-apple-darwin18.2.0/libgpg-error/1.32/lib/libgpg-error.a -lpthread -lgmp -ldl -lobjc "
conftest.c:13:57: error: use of undeclared identifier 'gpgme_op_export_keys'
int t(void) { void ((*volatile p)()); p = (void ((*)()))gpgme_op_export_keys; return !p; }
                                                        ^
1 error generated.
checked program was:
/* begin */
 1: #include "ruby.h"
 2: 
 3: /*top*/
 4: extern int t(void);
 5: int main(int argc, char **argv)
 6: {
 7:   if (argc > 1000000) {
 8:     printf("%p", &t);
 9:   }
10: 
11:   return 0;
12: }
13: int t(void) { void ((*volatile p)()); p = (void ((*)()))gpgme_op_export_keys; return !p; }
/* end */

"clang -o conftest -I/Users/neil/.rbenv/versions/2.5.3/include/ruby-2.5.0/x86_64-darwin17 -I/Users/neil/.rbenv/versions/2.5.3/include/ruby-2.5.0/ruby/backward -I/Users/neil/.rbenv/versions/2.5.3/include/ruby-2.5.0 -I. -I/Users/neil/ci-test-sorbet/gems/sorbet/test/gitlab/gems/ruby/2.5.0/gems/gpgme-2.0.18/ports/x86_64-apple-darwin18.2.0/gpgme/1.12.0/include -I/Users/neil/ci-test-sorbet/gems/sorbet/test/gitlab/gems/ruby/2.5.0/gems/gpgme-2.0.18/ports/x86_64-apple-darwin18.2.0/libassuan/2.5.1/include -I/Users/neil/ci-test-sorbet/gems/sorbet/test/gitlab/gems/ruby/2.5.0/gems/gpgme-2.0.18/ports/x86_64-apple-darwin18.2.0/libgpg-error/1.32/include -I/Users/neil/.rbenv/versions/2.5.3/include  -D_XOPEN_SOURCE -D_DARWIN_C_SOURCE -D_DARWIN_UNLIMITED_SELECT -D_REENTRANT   -O3 -ggdb3 -Wall -Wextra -Wno-unused-parameter -Wno-parentheses -Wno-long-long -Wno-missing-field-initializers -Wno-tautological-compare -Wno-parentheses-equality -Wno-constant-logical-operand -Wno-self-assign -Wunused-variable -Wimplicit-int -Wpointer-arith -Wwrite-strings -Wdeclaration-after-statement -Wshorten-64-to-32 -Wimplicit-function-declaration -Wdivision-by-zero -Wdeprecated-declarations -Wextra-tokens  -pipe conftest.c  -L. -L/Users/neil/.rbenv/versions/2.5.3/lib -L/Users/neil/ci-test-sorbet/gems/sorbet/test/gitlab/gems/ruby/2.5.0/gems/gpgme-2.0.18/ports/x86_64-apple-darwin18.2.0/libgpg-error/1.32/lib -L/Users/neil/ci-test-sorbet/gems/sorbet/test/gitlab/gems/ruby/2.5.0/gems/gpgme-2.0.18/ports/x86_64-apple-darwin18.2.0/libassuan/2.5.1/lib -L/Users/neil/ci-test-sorbet/gems/sorbet/test/gitlab/gems/ruby/2.5.0/gems/gpgme-2.0.18/ports/x86_64-apple-darwin18.2.0/gpgme/1.12.0/lib -L. -L/Users/neil/.rbenv/versions/2.5.3/lib  -fstack-protector -L/usr/local/lib    /Users/neil/ci-test-sorbet/gems/sorbet/test/gitlab/gems/ruby/2.5.0/gems/gpgme-2.0.18/ports/x86_64-apple-darwin18.2.0/gpgme/1.12.0/lib/libgpgme.a /Users/neil/ci-test-sorbet/gems/sorbet/test/gitlab/gems/ruby/2.5.0/gems/gpgme-2.0.18/ports/x86_64-apple-darwin18.2.0/libassuan/2.5.1/lib/libassuan.a /Users/neil/ci-test-sorbet/gems/sorbet/test/gitlab/gems/ruby/2.5.0/gems/gpgme-2.0.18/ports/x86_64-apple-darwin18.2.0/libgpg-error/1.32/lib/libgpg-error.a -lruby.2.5.3-static -framework Foundation /Users/neil/ci-test-sorbet/gems/sorbet/test/gitlab/gems/ruby/2.5.0/gems/gpgme-2.0.18/ports/x86_64-apple-darwin18.2.0/gpgme/1.12.0/lib/libgpgme.a /Users/neil/ci-test-sorbet/gems/sorbet/test/gitlab/gems/ruby/2.5.0/gems/gpgme-2.0.18/ports/x86_64-apple-darwin18.2.0/libassuan/2.5.1/lib/libassuan.a /Users/neil/ci-test-sorbet/gems/sorbet/test/gitlab/gems/ruby/2.5.0/gems/gpgme-2.0.18/ports/x86_64-apple-darwin18.2.0/libgpg-error/1.32/lib/libgpg-error.a -lpthread -lgmp -ldl -lobjc "
checked program was:
/* begin */
 1: #include "ruby.h"
 2: 
 3: /*top*/
 4: extern int t(void);
 5: int main(int argc, char **argv)
 6: {
 7:   if (argc > 1000000) {
 8:     printf("%p", &t);
 9:   }
10: 
11:   return 0;
12: }
13: extern void gpgme_op_export_keys();
14: int t(void) { gpgme_op_export_keys(); return 0; }
/* end */

--------------------

