have_func: checking for rb_postponed_job_register_one()... -------------------- yes

"clang -o conftest -I/Users/neil/.rbenv/versions/2.5.3/include/ruby-2.5.0/x86_64-darwin17 -I/Users/neil/.rbenv/versions/2.5.3/include/ruby-2.5.0/ruby/backward -I/Users/neil/.rbenv/versions/2.5.3/include/ruby-2.5.0 -I. -I/Users/neil/.rbenv/versions/2.5.3/include  -D_XOPEN_SOURCE -D_DARWIN_C_SOURCE -D_DARWIN_UNLIMITED_SELECT -D_REENTRANT   -O3 -ggdb3 -Wall -Wextra -Wno-unused-parameter -Wno-parentheses -Wno-long-long -Wno-missing-field-initializers -Wno-tautological-compare -Wno-parentheses-equality -Wno-constant-logical-operand -Wno-self-assign -Wunused-variable -Wimplicit-int -Wpointer-arith -Wwrite-strings -Wdeclaration-after-statement -Wshorten-64-to-32 -Wimplicit-function-declaration -Wdivision-by-zero -Wdeprecated-declarations -Wextra-tokens  -pipe conftest.c  -L. -L/Users/neil/.rbenv/versions/2.5.3/lib -L. -L/Users/neil/.rbenv/versions/2.5.3/lib  -fstack-protector -L/usr/local/lib     -lruby.2.5.3-static -framework Foundation  -lpthread -lgmp -ldl -lobjc "
checked program was:
/* begin */
1: #include "ruby.h"
2: 
3: int main(int argc, char **argv)
4: {
5:   return 0;
6: }
/* end */

"clang -o conftest -I/Users/neil/.rbenv/versions/2.5.3/include/ruby-2.5.0/x86_64-darwin17 -I/Users/neil/.rbenv/versions/2.5.3/include/ruby-2.5.0/ruby/backward -I/Users/neil/.rbenv/versions/2.5.3/include/ruby-2.5.0 -I. -I/Users/neil/.rbenv/versions/2.5.3/include  -D_XOPEN_SOURCE -D_DARWIN_C_SOURCE -D_DARWIN_UNLIMITED_SELECT -D_REENTRANT   -O3 -ggdb3 -Wall -Wextra -Wno-unused-parameter -Wno-parentheses -Wno-long-long -Wno-missing-field-initializers -Wno-tautological-compare -Wno-parentheses-equality -Wno-constant-logical-operand -Wno-self-assign -Wunused-variable -Wimplicit-int -Wpointer-arith -Wwrite-strings -Wdeclaration-after-statement -Wshorten-64-to-32 -Wimplicit-function-declaration -Wdivision-by-zero -Wdeprecated-declarations -Wextra-tokens  -pipe conftest.c  -L. -L/Users/neil/.rbenv/versions/2.5.3/lib -L. -L/Users/neil/.rbenv/versions/2.5.3/lib  -fstack-protector -L/usr/local/lib     -lruby.2.5.3-static -framework Foundation  -lpthread -lgmp -ldl -lobjc "
conftest.c:13:57: error: use of undeclared identifier 'rb_postponed_job_register_one'
int t(void) { void ((*volatile p)()); p = (void ((*)()))rb_postponed_job_register_one; return !p; }
                                                        ^
1 error generated.
checked program was:
/* begin */
 1: #include "ruby.h"
 2: 
 3: /*top*/
 4: extern int t(void);
 5: int main(int argc, char **argv)
 6: {
 7:   if (argc > 1000000) {
 8:     printf("%p", &t);
 9:   }
10: 
11:   return 0;
12: }
13: int t(void) { void ((*volatile p)()); p = (void ((*)()))rb_postponed_job_register_one; return !p; }
/* end */

"clang -o conftest -I/Users/neil/.rbenv/versions/2.5.3/include/ruby-2.5.0/x86_64-darwin17 -I/Users/neil/.rbenv/versions/2.5.3/include/ruby-2.5.0/ruby/backward -I/Users/neil/.rbenv/versions/2.5.3/include/ruby-2.5.0 -I. -I/Users/neil/.rbenv/versions/2.5.3/include  -D_XOPEN_SOURCE -D_DARWIN_C_SOURCE -D_DARWIN_UNLIMITED_SELECT -D_REENTRANT   -O3 -ggdb3 -Wall -Wextra -Wno-unused-parameter -Wno-parentheses -Wno-long-long -Wno-missing-field-initializers -Wno-tautological-compare -Wno-parentheses-equality -Wno-constant-logical-operand -Wno-self-assign -Wunused-variable -Wimplicit-int -Wpointer-arith -Wwrite-strings -Wdeclaration-after-statement -Wshorten-64-to-32 -Wimplicit-function-declaration -Wdivision-by-zero -Wdeprecated-declarations -Wextra-tokens  -pipe conftest.c  -L. -L/Users/neil/.rbenv/versions/2.5.3/lib -L. -L/Users/neil/.rbenv/versions/2.5.3/lib  -fstack-protector -L/usr/local/lib     -lruby.2.5.3-static -framework Foundation  -lpthread -lgmp -ldl -lobjc "
checked program was:
/* begin */
 1: #include "ruby.h"
 2: 
 3: /*top*/
 4: extern int t(void);
 5: int main(int argc, char **argv)
 6: {
 7:   if (argc > 1000000) {
 8:     printf("%p", &t);
 9:   }
10: 
11:   return 0;
12: }
13: extern void rb_postponed_job_register_one();
14: int t(void) { rb_postponed_job_register_one(); return 0; }
/* end */

--------------------

have_func: checking for rb_profile_frames()... -------------------- yes

"clang -o conftest -I/Users/neil/.rbenv/versions/2.5.3/include/ruby-2.5.0/x86_64-darwin17 -I/Users/neil/.rbenv/versions/2.5.3/include/ruby-2.5.0/ruby/backward -I/Users/neil/.rbenv/versions/2.5.3/include/ruby-2.5.0 -I. -I/Users/neil/.rbenv/versions/2.5.3/include  -D_XOPEN_SOURCE -D_DARWIN_C_SOURCE -D_DARWIN_UNLIMITED_SELECT -D_REENTRANT   -O3 -ggdb3 -Wall -Wextra -Wno-unused-parameter -Wno-parentheses -Wno-long-long -Wno-missing-field-initializers -Wno-tautological-compare -Wno-parentheses-equality -Wno-constant-logical-operand -Wno-self-assign -Wunused-variable -Wimplicit-int -Wpointer-arith -Wwrite-strings -Wdeclaration-after-statement -Wshorten-64-to-32 -Wimplicit-function-declaration -Wdivision-by-zero -Wdeprecated-declarations -Wextra-tokens  -pipe conftest.c  -L. -L/Users/neil/.rbenv/versions/2.5.3/lib -L. -L/Users/neil/.rbenv/versions/2.5.3/lib  -fstack-protector -L/usr/local/lib     -lruby.2.5.3-static -framework Foundation  -lpthread -lgmp -ldl -lobjc "
conftest.c:13:57: error: use of undeclared identifier 'rb_profile_frames'
int t(void) { void ((*volatile p)()); p = (void ((*)()))rb_profile_frames; return !p; }
                                                        ^
1 error generated.
checked program was:
/* begin */
 1: #include "ruby.h"
 2: 
 3: /*top*/
 4: extern int t(void);
 5: int main(int argc, char **argv)
 6: {
 7:   if (argc > 1000000) {
 8:     printf("%p", &t);
 9:   }
10: 
11:   return 0;
12: }
13: int t(void) { void ((*volatile p)()); p = (void ((*)()))rb_profile_frames; return !p; }
/* end */

"clang -o conftest -I/Users/neil/.rbenv/versions/2.5.3/include/ruby-2.5.0/x86_64-darwin17 -I/Users/neil/.rbenv/versions/2.5.3/include/ruby-2.5.0/ruby/backward -I/Users/neil/.rbenv/versions/2.5.3/include/ruby-2.5.0 -I. -I/Users/neil/.rbenv/versions/2.5.3/include  -D_XOPEN_SOURCE -D_DARWIN_C_SOURCE -D_DARWIN_UNLIMITED_SELECT -D_REENTRANT   -O3 -ggdb3 -Wall -Wextra -Wno-unused-parameter -Wno-parentheses -Wno-long-long -Wno-missing-field-initializers -Wno-tautological-compare -Wno-parentheses-equality -Wno-constant-logical-operand -Wno-self-assign -Wunused-variable -Wimplicit-int -Wpointer-arith -Wwrite-strings -Wdeclaration-after-statement -Wshorten-64-to-32 -Wimplicit-function-declaration -Wdivision-by-zero -Wdeprecated-declarations -Wextra-tokens  -pipe conftest.c  -L. -L/Users/neil/.rbenv/versions/2.5.3/lib -L. -L/Users/neil/.rbenv/versions/2.5.3/lib  -fstack-protector -L/usr/local/lib     -lruby.2.5.3-static -framework Foundation  -lpthread -lgmp -ldl -lobjc "
checked program was:
/* begin */
 1: #include "ruby.h"
 2: 
 3: /*top*/
 4: extern int t(void);
 5: int main(int argc, char **argv)
 6: {
 7:   if (argc > 1000000) {
 8:     printf("%p", &t);
 9:   }
10: 
11:   return 0;
12: }
13: extern void rb_profile_frames();
14: int t(void) { rb_profile_frames(); return 0; }
/* end */

--------------------

have_func: checking for rb_tracepoint_new()... -------------------- yes

"clang -o conftest -I/Users/neil/.rbenv/versions/2.5.3/include/ruby-2.5.0/x86_64-darwin17 -I/Users/neil/.rbenv/versions/2.5.3/include/ruby-2.5.0/ruby/backward -I/Users/neil/.rbenv/versions/2.5.3/include/ruby-2.5.0 -I. -I/Users/neil/.rbenv/versions/2.5.3/include  -D_XOPEN_SOURCE -D_DARWIN_C_SOURCE -D_DARWIN_UNLIMITED_SELECT -D_REENTRANT   -O3 -ggdb3 -Wall -Wextra -Wno-unused-parameter -Wno-parentheses -Wno-long-long -Wno-missing-field-initializers -Wno-tautological-compare -Wno-parentheses-equality -Wno-constant-logical-operand -Wno-self-assign -Wunused-variable -Wimplicit-int -Wpointer-arith -Wwrite-strings -Wdeclaration-after-statement -Wshorten-64-to-32 -Wimplicit-function-declaration -Wdivision-by-zero -Wdeprecated-declarations -Wextra-tokens  -pipe conftest.c  -L. -L/Users/neil/.rbenv/versions/2.5.3/lib -L. -L/Users/neil/.rbenv/versions/2.5.3/lib  -fstack-protector -L/usr/local/lib     -lruby.2.5.3-static -framework Foundation  -lpthread -lgmp -ldl -lobjc "
conftest.c:13:57: error: use of undeclared identifier 'rb_tracepoint_new'
int t(void) { void ((*volatile p)()); p = (void ((*)()))rb_tracepoint_new; return !p; }
                                                        ^
1 error generated.
checked program was:
/* begin */
 1: #include "ruby.h"
 2: 
 3: /*top*/
 4: extern int t(void);
 5: int main(int argc, char **argv)
 6: {
 7:   if (argc > 1000000) {
 8:     printf("%p", &t);
 9:   }
10: 
11:   return 0;
12: }
13: int t(void) { void ((*volatile p)()); p = (void ((*)()))rb_tracepoint_new; return !p; }
/* end */

"clang -o conftest -I/Users/neil/.rbenv/versions/2.5.3/include/ruby-2.5.0/x86_64-darwin17 -I/Users/neil/.rbenv/versions/2.5.3/include/ruby-2.5.0/ruby/backward -I/Users/neil/.rbenv/versions/2.5.3/include/ruby-2.5.0 -I. -I/Users/neil/.rbenv/versions/2.5.3/include  -D_XOPEN_SOURCE -D_DARWIN_C_SOURCE -D_DARWIN_UNLIMITED_SELECT -D_REENTRANT   -O3 -ggdb3 -Wall -Wextra -Wno-unused-parameter -Wno-parentheses -Wno-long-long -Wno-missing-field-initializers -Wno-tautological-compare -Wno-parentheses-equality -Wno-constant-logical-operand -Wno-self-assign -Wunused-variable -Wimplicit-int -Wpointer-arith -Wwrite-strings -Wdeclaration-after-statement -Wshorten-64-to-32 -Wimplicit-function-declaration -Wdivision-by-zero -Wdeprecated-declarations -Wextra-tokens  -pipe conftest.c  -L. -L/Users/neil/.rbenv/versions/2.5.3/lib -L. -L/Users/neil/.rbenv/versions/2.5.3/lib  -fstack-protector -L/usr/local/lib     -lruby.2.5.3-static -framework Foundation  -lpthread -lgmp -ldl -lobjc "
checked program was:
/* begin */
 1: #include "ruby.h"
 2: 
 3: /*top*/
 4: extern int t(void);
 5: int main(int argc, char **argv)
 6: {
 7:   if (argc > 1000000) {
 8:     printf("%p", &t);
 9:   }
10: 
11:   return 0;
12: }
13: extern void rb_tracepoint_new();
14: int t(void) { rb_tracepoint_new(); return 0; }
/* end */

--------------------

have_const: checking for RUBY_INTERNAL_EVENT_NEWOBJ... -------------------- yes

"clang -I/Users/neil/.rbenv/versions/2.5.3/include/ruby-2.5.0/x86_64-darwin17 -I/Users/neil/.rbenv/versions/2.5.3/include/ruby-2.5.0/ruby/backward -I/Users/neil/.rbenv/versions/2.5.3/include/ruby-2.5.0 -I. -I/Users/neil/.rbenv/versions/2.5.3/include  -D_XOPEN_SOURCE -D_DARWIN_C_SOURCE -D_DARWIN_UNLIMITED_SELECT -D_REENTRANT   -O3 -ggdb3 -Wall -Wextra -Wno-unused-parameter -Wno-parentheses -Wno-long-long -Wno-missing-field-initializers -Wno-tautological-compare -Wno-parentheses-equality -Wno-constant-logical-operand -Wno-self-assign -Wunused-variable -Wimplicit-int -Wpointer-arith -Wwrite-strings -Wdeclaration-after-statement -Wshorten-64-to-32 -Wimplicit-function-declaration -Wdivision-by-zero -Wdeprecated-declarations -Wextra-tokens  -pipe   -c conftest.c"
checked program was:
/* begin */
1: #include "ruby.h"
2: 
3: /*top*/
4: typedef int conftest_type;
5: conftest_type conftestval = (int)RUBY_INTERNAL_EVENT_NEWOBJ;
/* end */

--------------------

